<?xml version="1.0" encoding="UTF-8"?>
<!-- Generated by org.testng.reporters.JUnitReportReporter -->
<testsuite hostname="Igor" failures="0" tests="6" name="tests.blogCategory.BlogCategoryTest" time="368.349" errors="0" timestamp="2022-08-23T16:26:19 EEST" skipped="0">
  <testcase classname="tests.blogCategory.BlogCategoryTest" name="headerButtonsTest" time="46.465"/>
  <system-out/>
  <testcase classname="tests.blogCategory.BlogCategoryTest" name="blogPostTest" time="94.268"/>
  <system-out/>
  <testcase classname="tests.blogCategory.BlogCategoryTest" name="mainLogoLinkTest" time="35.441"/>
  <system-out/>
  <testcase classname="tests.blogCategory.BlogCategoryTest" name="topPostButtonTest" time="45.942"/>
  <system-out/>
  <testcase classname="tests.blogCategory.BlogCategoryTest" name="topPostBlogButtonTest" time="48.000"/>
  <system-out/>
  <testcase classname="tests.blogCategory.BlogCategoryTest" name="footerButtonsTest" time="98.233"/>
  <system-out/>
</testsuite> <!-- tests.blogCategory.BlogCategoryTest -->
