<?xml version="1.0" encoding="UTF-8"?>
<!-- Generated by org.testng.reporters.JUnitReportReporter -->
<testsuite hostname="Igor" failures="0" tests="3" name="tests.contactUs.ContactUsTest" time="181.369" errors="0" timestamp="2022-08-23T16:26:19 EEST" skipped="0">
  <testcase classname="tests.contactUs.ContactUsTest" name="footerButtonsTest" time="95.907"/>
  <system-out/>
  <testcase classname="tests.contactUs.ContactUsTest" name="mainLogoLinkTest" time="38.460"/>
  <system-out/>
  <testcase classname="tests.contactUs.ContactUsTest" name="headerButtonsTest" time="47.002"/>
  <system-out/>
</testsuite> <!-- tests.contactUs.ContactUsTest -->
