<?xml version="1.0" encoding="UTF-8"?>
<!-- Generated by org.testng.reporters.JUnitReportReporter -->
<testsuite hostname="Igor" failures="0" tests="5" name="tests.escort.EscortTest" time="272.714" errors="0" timestamp="2022-08-23T16:26:19 EEST" skipped="0">
  <testcase classname="tests.escort.EscortTest" name="cityButtonTest" time="38.312"/>
  <system-out/>
  <testcase classname="tests.escort.EscortTest" name="inputCitySearchTest" time="51.556"/>
  <system-out/>
  <testcase classname="tests.escort.EscortTest" name="footerButtonsTest" time="98.031"/>
  <system-out/>
  <testcase classname="tests.escort.EscortTest" name="mainLogoLinkTest" time="37.958"/>
  <system-out/>
  <testcase classname="tests.escort.EscortTest" name="headerButtonsTest" time="46.857"/>
  <system-out/>
</testsuite> <!-- tests.escort.EscortTest -->
