<?xml version="1.0" encoding="UTF-8"?>
<!-- Generated by org.testng.reporters.JUnitReportReporter -->
<testsuite hostname="Igor" failures="0" tests="9" name="tests.blog.BlogTest" time="441.458" errors="0" timestamp="2022-08-23T16:26:19 EEST" skipped="0">
  <testcase classname="tests.blog.BlogTest" name="nextSliderButtonTest" time="37.151"/>
  <system-out/>
  <testcase classname="tests.blog.BlogTest" name="headerButtonsTest" time="46.369"/>
  <system-out/>
  <testcase classname="tests.blog.BlogTest" name="authorButtonTest" time="41.865"/>
  <system-out/>
  <testcase classname="tests.blog.BlogTest" name="unsuccessfulCommentFormTest" time="42.558"/>
  <system-out/>
  <testcase classname="tests.blog.BlogTest" name="mainLogoLinkTest" time="37.870"/>
  <system-out/>
  <testcase classname="tests.blog.BlogTest" name="topPostButtonTest" time="46.260"/>
  <system-out/>
  <testcase classname="tests.blog.BlogTest" name="successfulCommentFormTest" time="45.232"/>
  <system-out/>
  <testcase classname="tests.blog.BlogTest" name="topPostBlogButtonTest" time="46.096"/>
  <system-out/>
  <testcase classname="tests.blog.BlogTest" name="footerButtonsTest" time="98.057"/>
  <system-out/>
</testsuite> <!-- tests.blog.BlogTest -->
